Copyright 1986-2018 Xilinx, Inc. All Rights Reserved.
--------------------------------------------------------------------------------------------------------------------------------------------------------
| Tool Version : Vivado v.2018.2 (win64) Build 2258646 Thu Jun 14 20:03:12 MDT 2018
| Date         : Wed Feb  5 00:05:20 2025
| Host         : DESKTOP-337MGN5 running 64-bit major release  (build 9200)
| Command      : report_methodology -file ORgate_methodology_drc_routed.rpt -pb ORgate_methodology_drc_routed.pb -rpx ORgate_methodology_drc_routed.rpx
| Design       : ORgate
| Device       : xc7s15ftgb196-1
| Speed File   : -1
| Design State : Routed
--------------------------------------------------------------------------------------------------------------------------------------------------------

Report Methodology

Table of Contents
-----------------
1. REPORT SUMMARY
2. REPORT DETAILS

1. REPORT SUMMARY
-----------------
            Netlist: netlist
          Floorplan: design_1
      Design limits: <entire design considered>
             Max violations: <unlimited>
             Violations found: 0
+------+----------+-------------+------------+
| Rule | Severity | Description | Violations |
+------+----------+-------------+------------+
+------+----------+-------------+------------+

2. REPORT DETAILS
-----------------

